<?xml version="1.0" encoding="UTF-8"?>
<!-- Generated by org.testng.reporters.JUnitReportReporter -->
<testsuite hostname="DESKTOP-PNQLD87" failures="0" tests="5" name="com.test.tests.TeckArchApiTestScriptE2E" time="15.138" errors="0" timestamp="2022-06-16T14:39:53 PDT" skipped="1">
  <testcase classname="com.test.tests.TeckArchApiTestScriptE2E" name="TC_001_validLogin" time="4.796"/>
  <system-out/>
  <testcase classname="com.test.tests.TeckArchApiTestScriptE2E" name="TC_002_addUserData" time="2.876"/>
  <system-out/>
  <testcase classname="com.test.tests.TeckArchApiTestScriptE2E" name="TC_003_getUserData" time="5.335"/>
  <system-out/>
  <testcase classname="com.test.tests.TeckArchApiTestScriptE2E" name="TC_005_deleteUserData" time="2.131"/>
  <system-out/>
  <testcase classname="com.test.tests.TeckArchApiTestScriptE2E" name="TC_004_updateUserData">
    <skipped/>
  </testcase> <!-- TC_004_updateUserData -->
  <system-out/>
</testsuite> <!-- com.test.tests.TeckArchApiTestScriptE2E -->
