<?xml version="1.0" encoding="UTF-8"?>
<!-- Generated by org.testng.reporters.JUnitReportReporter -->
<testsuite hostname="DESKTOP-PNQLD87" failures="0" tests="5" name="com.test.tests.TeckArchApiTestScriptE2E" time="13.190" errors="0" timestamp="2022-06-09T12:58:50 PDT" skipped="1">
  <testcase classname="com.test.tests.TeckArchApiTestScriptE2E" name="TC_001_validLogin" time="1.306"/>
  <system-out/>
  <testcase classname="com.test.tests.TeckArchApiTestScriptE2E" name="TC_002_addUserData" time="0.558"/>
  <system-out/>
  <testcase classname="com.test.tests.TeckArchApiTestScriptE2E" name="TC_003_getUserData" time="11.096"/>
  <system-out/>
  <testcase classname="com.test.tests.TeckArchApiTestScriptE2E" name="TC_005_deleteUserData" time="0.230"/>
  <system-out/>
  <testcase classname="com.test.tests.TeckArchApiTestScriptE2E" name="TC_004_updateUserData">
    <skipped/>
  </testcase> <!-- TC_004_updateUserData -->
  <system-out/>
</testsuite> <!-- com.test.tests.TeckArchApiTestScriptE2E -->
